This is pdfTeX, Version 3.1415926-2.5-1.40.14 (TeX Live 2013) (format=pdflatex 2013.10.14)  1 FEB 2015 20:37
entering extended mode
 restricted \write18 enabled.
 %&-line parsing enabled.
**paper_linheng_4.tex
(./paper_linheng_4.tex
LaTeX2e <2011/06/27>
Babel <3.9f> and hyphenation patterns for 78 languages loaded.
(./IEEEtran.cls
Document Class: IEEEtran 2012/12/27 V1.8 by Michael Shell
-- See the "IEEEtran_HOWTO" manual for usage information.
-- http://www.michaelshell.org/tex/ieeetran/
\@IEEEtrantmpdimenA=\dimen102
\@IEEEtrantmpdimenB=\dimen103
\@IEEEtrantmpcountA=\count79
\@IEEEtrantmpcountB=\count80
\@IEEEtrantmptoksA=\toks14
LaTeX Font Info:    Try loading font information for OT1+ptm on input line 368.

(/usr/local/texlive/2013/texmf-dist/tex/latex/psnfss/ot1ptm.fd
File: ot1ptm.fd 2001/06/04 font definitions for OT1/ptm.
)
-- Using 8.5in x 11in (letter) paper.
-- Using PDF output.
\@IEEEnormalsizeunitybaselineskip=\dimen104
-- This is a 10 point document.
\CLASSINFOnormalsizebaselineskip=\dimen105
\CLASSINFOnormalsizeunitybaselineskip=\dimen106
\IEEEnormaljot=\dimen107
LaTeX Font Info:    Font shape `OT1/ptm/bx/n' in size <5> not available
(Font)              Font shape `OT1/ptm/b/n' tried instead on input line 726.
LaTeX Font Info:    Font shape `OT1/ptm/bx/it' in size <5> not available
(Font)              Font shape `OT1/ptm/b/it' tried instead on input line 726.
LaTeX Font Info:    Font shape `OT1/ptm/bx/n' in size <7> not available
(Font)              Font shape `OT1/ptm/b/n' tried instead on input line 726.
LaTeX Font Info:    Font shape `OT1/ptm/bx/it' in size <7> not available
(Font)              Font shape `OT1/ptm/b/it' tried instead on input line 726.
LaTeX Font Info:    Font shape `OT1/ptm/bx/n' in size <8> not available
(Font)              Font shape `OT1/ptm/b/n' tried instead on input line 726.
LaTeX Font Info:    Font shape `OT1/ptm/bx/it' in size <8> not available
(Font)              Font shape `OT1/ptm/b/it' tried instead on input line 726.
LaTeX Font Info:    Font shape `OT1/ptm/bx/n' in size <9> not available
(Font)              Font shape `OT1/ptm/b/n' tried instead on input line 726.
LaTeX Font Info:    Font shape `OT1/ptm/bx/it' in size <9> not available
(Font)              Font shape `OT1/ptm/b/it' tried instead on input line 726.
LaTeX Font Info:    Font shape `OT1/ptm/bx/n' in size <10> not available
(Font)              Font shape `OT1/ptm/b/n' tried instead on input line 726.
LaTeX Font Info:    Font shape `OT1/ptm/bx/it' in size <10> not available
(Font)              Font shape `OT1/ptm/b/it' tried instead on input line 726.
LaTeX Font Info:    Font shape `OT1/ptm/bx/n' in size <11> not available
(Font)              Font shape `OT1/ptm/b/n' tried instead on input line 726.
LaTeX Font Info:    Font shape `OT1/ptm/bx/it' in size <11> not available
(Font)              Font shape `OT1/ptm/b/it' tried instead on input line 726.
LaTeX Font Info:    Font shape `OT1/ptm/bx/n' in size <12> not available
(Font)              Font shape `OT1/ptm/b/n' tried instead on input line 726.
LaTeX Font Info:    Font shape `OT1/ptm/bx/it' in size <12> not available
(Font)              Font shape `OT1/ptm/b/it' tried instead on input line 726.
LaTeX Font Info:    Font shape `OT1/ptm/bx/n' in size <17> not available
(Font)              Font shape `OT1/ptm/b/n' tried instead on input line 726.
LaTeX Font Info:    Font shape `OT1/ptm/bx/it' in size <17> not available
(Font)              Font shape `OT1/ptm/b/it' tried instead on input line 726.
LaTeX Font Info:    Font shape `OT1/ptm/bx/n' in size <20> not available
(Font)              Font shape `OT1/ptm/b/n' tried instead on input line 726.
LaTeX Font Info:    Font shape `OT1/ptm/bx/it' in size <20> not available
(Font)              Font shape `OT1/ptm/b/it' tried instead on input line 726.
LaTeX Font Info:    Font shape `OT1/ptm/bx/n' in size <24> not available
(Font)              Font shape `OT1/ptm/b/n' tried instead on input line 726.
LaTeX Font Info:    Font shape `OT1/ptm/bx/it' in size <24> not available
(Font)              Font shape `OT1/ptm/b/it' tried instead on input line 726.
\IEEEilabelindentA=\dimen108
\IEEEilabelindentB=\dimen109
\IEEEilabelindent=\dimen110
\IEEEelabelindent=\dimen111
\IEEEdlabelindent=\dimen112
\IEEElabelindent=\dimen113
\IEEEiednormlabelsep=\dimen114
\IEEEiedmathlabelsep=\dimen115
\IEEEiedtopsep=\skip41
\c@section=\count81
\c@subsection=\count82
\c@subsubsection=\count83
\c@paragraph=\count84
\c@IEEEsubequation=\count85
\abovecaptionskip=\skip42
\belowcaptionskip=\skip43
\c@figure=\count86
\c@table=\count87
\@IEEEeqnnumcols=\count88
\@IEEEeqncolcnt=\count89
\@IEEEsubeqnnumrollback=\count90
\@IEEEtmpitemindent=\dimen116
\c@IEEEbiography=\count91
\@IEEEtranrubishbin=\box26
) (/usr/local/texlive/2013/texmf-dist/tex/latex/cite/cite.sty
LaTeX Info: Redefining \cite on input line 302.
LaTeX Info: Redefining \nocite on input line 373.
Package: cite 2010/09/10  v 5.3
)
(/usr/local/texlive/2013/texmf-dist/tex/latex/amsmath/amsmath.sty
Package: amsmath 2013/01/14 v2.14 AMS math features
\@mathmargin=\skip44

For additional information on amsmath, use the `?' option.
(/usr/local/texlive/2013/texmf-dist/tex/latex/amsmath/amstext.sty
Package: amstext 2000/06/29 v2.01

(/usr/local/texlive/2013/texmf-dist/tex/latex/amsmath/amsgen.sty
File: amsgen.sty 1999/11/30 v2.0
\@emptytoks=\toks15
\ex@=\dimen117
))
(/usr/local/texlive/2013/texmf-dist/tex/latex/amsmath/amsbsy.sty
Package: amsbsy 1999/11/29 v1.2d
\pmbraise@=\dimen118
)
(/usr/local/texlive/2013/texmf-dist/tex/latex/amsmath/amsopn.sty
Package: amsopn 1999/12/14 v2.01 operator names
)
\inf@bad=\count92
LaTeX Info: Redefining \frac on input line 210.
\uproot@=\count93
\leftroot@=\count94
LaTeX Info: Redefining \overline on input line 306.
\classnum@=\count95
\DOTSCASE@=\count96
LaTeX Info: Redefining \ldots on input line 378.
LaTeX Info: Redefining \dots on input line 381.
LaTeX Info: Redefining \cdots on input line 466.
\Mathstrutbox@=\box27
\strutbox@=\box28
\big@size=\dimen119
LaTeX Font Info:    Redeclaring font encoding OML on input line 566.
LaTeX Font Info:    Redeclaring font encoding OMS on input line 567.
\macc@depth=\count97
\c@MaxMatrixCols=\count98
\dotsspace@=\muskip10
\c@parentequation=\count99
\dspbrk@lvl=\count100
\tag@help=\toks16
\row@=\count101
\column@=\count102
\maxfields@=\count103
\andhelp@=\toks17
\eqnshift@=\dimen120
\alignsep@=\dimen121
\tagshift@=\dimen122
\tagwidth@=\dimen123
\totwidth@=\dimen124
\lineht@=\dimen125
\@envbody=\toks18
\multlinegap=\skip45
\multlinetaggap=\skip46
\mathdisplay@stack=\toks19
LaTeX Info: Redefining \[ on input line 2665.
LaTeX Info: Redefining \] on input line 2666.
)
(/usr/local/texlive/2013/texmf-dist/tex/latex/amscls/amsthm.sty
Package: amsthm 2004/08/06 v2.20
\thm@style=\toks20
\thm@bodyfont=\toks21
\thm@headfont=\toks22
\thm@notefont=\toks23
\thm@headpunct=\toks24
\thm@preskip=\skip47
\thm@postskip=\skip48
\thm@headsep=\skip49
\dth@everypar=\toks25
)
\c@theorem=\count104

(/usr/local/texlive/2013/texmf-dist/tex/latex/graphics/graphicx.sty
Package: graphicx 1999/02/16 v1.0f Enhanced LaTeX Graphics (DPC,SPQR)

(/usr/local/texlive/2013/texmf-dist/tex/latex/graphics/keyval.sty
Package: keyval 1999/03/16 v1.13 key=value parser (DPC)
\KV@toks@=\toks26
)
(/usr/local/texlive/2013/texmf-dist/tex/latex/graphics/graphics.sty
Package: graphics 2009/02/05 v1.0o Standard LaTeX Graphics (DPC,SPQR)

(/usr/local/texlive/2013/texmf-dist/tex/latex/graphics/trig.sty
Package: trig 1999/03/16 v1.09 sin cos tan (DPC)
)
(/usr/local/texlive/2013/texmf-dist/tex/latex/latexconfig/graphics.cfg
File: graphics.cfg 2010/04/23 v1.9 graphics configuration of TeX Live
)
Package graphics Info: Driver file: pdftex.def on input line 91.

(/usr/local/texlive/2013/texmf-dist/tex/latex/pdftex-def/pdftex.def
File: pdftex.def 2011/05/27 v0.06d Graphics/color for pdfTeX

(/usr/local/texlive/2013/texmf-dist/tex/generic/oberdiek/infwarerr.sty
Package: infwarerr 2010/04/08 v1.3 Providing info/warning/error messages (HO)
)
(/usr/local/texlive/2013/texmf-dist/tex/generic/oberdiek/ltxcmds.sty
Package: ltxcmds 2011/11/09 v1.22 LaTeX kernel commands for general use (HO)
)
\Gread@gobject=\count105
))
\Gin@req@height=\dimen126
\Gin@req@width=\dimen127
)
(/usr/local/texlive/2013/texmf-dist/tex/latex/subfig/subfig.sty
Package: subfig 2005/06/28 ver: 1.3 subfig package

(/usr/local/texlive/2013/texmf-dist/tex/latex/caption/caption3.sty
Package: caption3 2013/05/02 v1.6-88 caption3 kernel (AR)
Package caption3 Info: TeX engine: e-TeX on input line 57.
\captionmargin=\dimen128
\captionmargin@=\dimen129
\captionwidth=\dimen130
\caption@tempdima=\dimen131
\caption@indent=\dimen132
\caption@parindent=\dimen133
\caption@hangindent=\dimen134
Package caption Info: Unknown document class (or package),
(caption)             standard defaults will be used.
)
\c@KVtest=\count106
\sf@farskip=\skip50
\sf@captopadj=\dimen135
\sf@capskip=\skip51
\sf@nearskip=\skip52
\c@subfigure=\count107
\c@subfigure@save=\count108
\c@lofdepth=\count109
\c@subtable=\count110
\c@subtable@save=\count111
\c@lotdepth=\count112
\sf@top=\skip53
\sf@bottom=\skip54
)
No file paper_linheng_4.aux.
\openout1 = `paper_linheng_4.aux'.

LaTeX Font Info:    Checking defaults for OML/cmm/m/it on input line 46.
LaTeX Font Info:    ... okay on input line 46.
LaTeX Font Info:    Checking defaults for T1/cmr/m/n on input line 46.
LaTeX Font Info:    ... okay on input line 46.
LaTeX Font Info:    Checking defaults for OT1/cmr/m/n on input line 46.
LaTeX Font Info:    ... okay on input line 46.
LaTeX Font Info:    Checking defaults for OMS/cmsy/m/n on input line 46.
LaTeX Font Info:    ... okay on input line 46.
LaTeX Font Info:    Checking defaults for OMX/cmex/m/n on input line 46.
LaTeX Font Info:    ... okay on input line 46.
LaTeX Font Info:    Checking defaults for U/cmr/m/n on input line 46.
LaTeX Font Info:    ... okay on input line 46.
(/usr/local/texlive/2013/texmf-dist/tex/context/base/supp-pdf.mkii
[Loading MPS to PDF converter (version 2006.09.02).]
\scratchcounter=\count113
\scratchdimen=\dimen136
\scratchbox=\box29
\nofMPsegments=\count114
\nofMParguments=\count115
\everyMPshowfont=\toks27
\MPscratchCnt=\count116
\MPscratchDim=\dimen137
\MPnumerator=\count117
\makeMPintoPDFobject=\count118
\everyMPtoPDFconversion=\toks28
) (/usr/local/texlive/2013/texmf-dist/tex/generic/oberdiek/pdftexcmds.sty
Package: pdftexcmds 2011/11/29 v0.20 Utility functions of pdfTeX for LuaTeX (HO
)

(/usr/local/texlive/2013/texmf-dist/tex/generic/oberdiek/ifluatex.sty
Package: ifluatex 2010/03/01 v1.3 Provides the ifluatex switch (HO)
Package ifluatex Info: LuaTeX not detected.
)
(/usr/local/texlive/2013/texmf-dist/tex/generic/oberdiek/ifpdf.sty
Package: ifpdf 2011/01/30 v2.3 Provides the ifpdf switch (HO)
Package ifpdf Info: pdfTeX in PDF mode is detected.
)
Package pdftexcmds Info: LuaTeX not detected.
Package pdftexcmds Info: \pdf@primitive is available.
Package pdftexcmds Info: \pdf@ifprimitive is available.
Package pdftexcmds Info: \pdfdraftmode found.
)
(/usr/local/texlive/2013/texmf-dist/tex/latex/oberdiek/epstopdf-base.sty
Package: epstopdf-base 2010/02/09 v2.5 Base part for package epstopdf

(/usr/local/texlive/2013/texmf-dist/tex/latex/oberdiek/grfext.sty
Package: grfext 2010/08/19 v1.1 Manage graphics extensions (HO)

(/usr/local/texlive/2013/texmf-dist/tex/generic/oberdiek/kvdefinekeys.sty
Package: kvdefinekeys 2011/04/07 v1.3 Define keys (HO)
))
(/usr/local/texlive/2013/texmf-dist/tex/latex/oberdiek/kvoptions.sty
Package: kvoptions 2011/06/30 v3.11 Key value format for package options (HO)

(/usr/local/texlive/2013/texmf-dist/tex/generic/oberdiek/kvsetkeys.sty
Package: kvsetkeys 2012/04/25 v1.16 Key value parser (HO)

(/usr/local/texlive/2013/texmf-dist/tex/generic/oberdiek/etexcmds.sty
Package: etexcmds 2011/02/16 v1.5 Avoid name clashes with e-TeX commands (HO)
Package etexcmds Info: Could not find \expanded.
(etexcmds)             That can mean that you are not using pdfTeX 1.50 or
(etexcmds)             that some package has redefined \expanded.
(etexcmds)             In the latter case, load this package earlier.
)))
Package grfext Info: Graphics extension search list:
(grfext)             [.pdf,.png,.eps]
(grfext)             \AppendGraphicsExtensions on input line 452.

(/usr/local/texlive/2013/texmf-dist/tex/latex/latexconfig/epstopdf-sys.cfg
File: epstopdf-sys.cfg 2010/07/13 v1.3 Configuration of (r)epstopdf for TeX Liv
e
))
Package caption Info: Begin \AtBeginDocument code.
Package caption Info: subfig package v1.3 is loaded.
Package caption Info: End \AtBeginDocument code.


LaTeX Warning: Citation `networking:oblivious' on page 1 undefined on input lin
e 95.

[1{/usr/local/texlive/2013/texmf-var/fonts/map/pdftex/updmap/pdftex.map}


]

LaTeX Warning: Citation `networking:oblivious' on page 2 undefined on input lin
e 161.


LaTeX Warning: Citation `networking:oblivious' on page 2 undefined on input lin
e 165.

<./png/3-nodes-example.pdf, id=10, 148.8772pt x 46.95543pt>
File: ./png/3-nodes-example.pdf Graphic file (type pdf)

<use ./png/3-nodes-example.pdf>
Package pdftex.def Info: ./png/3-nodes-example.pdf used on input line 184.
(pdftex.def)             Requested size: 170.71652pt x 53.84354pt.
 [2]

LaTeX Warning: Citation `networking:hopbyhop' on page 3 undefined on input line
 255.


LaTeX Warning: Citation `networking:oblivious' on page 3 undefined on input lin
e 257.


LaTeX Warning: Citation `networking:oblivious' on page 3 undefined on input lin
e 263.


LaTeX Warning: Citation `networking:oblivious' on page 3 undefined on input lin
e 280.

[3 <./png/3-nodes-example.pdf>]

LaTeX Warning: Citation `networking:greente' on page 4 undefined on input line 
367.

[4] <./png/opr_with_power_abilene.pdf, id=49, 578.16pt x 433.62pt>
File: ./png/opr_with_power_abilene.pdf Graphic file (type pdf)

<use ./png/opr_with_power_abilene.pdf>
Package pdftex.def Info: ./png/opr_with_power_abilene.pdf used on input line 49
4.
(pdftex.def)             Requested size: 170.71652pt x 128.03589pt.

<./png/opr_with_power_geant.pdf, id=50, 578.16pt x 433.62pt>
File: ./png/opr_with_power_geant.pdf Graphic file (type pdf)

<use ./png/opr_with_power_geant.pdf>
Package pdftex.def Info: ./png/opr_with_power_geant.pdf used on input line 495.

(pdftex.def)             Requested size: 170.71652pt x 128.03589pt.

<./png/opr_with_power_cernet2.pdf, id=51, 578.16pt x 433.62pt>
File: ./png/opr_with_power_cernet2.pdf Graphic file (type pdf)

<use ./png/opr_with_power_cernet2.pdf>
Package pdftex.def Info: ./png/opr_with_power_cernet2.pdf used on input line 49
6.
(pdftex.def)             Requested size: 170.71652pt x 128.03589pt.

<./png/exp2_sort_abilene.pdf, id=52, 578.16pt x 433.62pt>
File: ./png/exp2_sort_abilene.pdf Graphic file (type pdf)

<use ./png/exp2_sort_abilene.pdf>
Package pdftex.def Info: ./png/exp2_sort_abilene.pdf used on input line 504.
(pdftex.def)             Requested size: 170.71652pt x 128.03589pt.

<./png/exp2_sort_geant.pdf, id=53, 578.16pt x 433.62pt>
File: ./png/exp2_sort_geant.pdf Graphic file (type pdf)

<use ./png/exp2_sort_geant.pdf>
Package pdftex.def Info: ./png/exp2_sort_geant.pdf used on input line 505.
(pdftex.def)             Requested size: 170.71652pt x 128.03589pt.

<./png/exp2_sort_cernet2.pdf, id=54, 578.16pt x 433.62pt>
File: ./png/exp2_sort_cernet2.pdf Graphic file (type pdf)

<use ./png/exp2_sort_cernet2.pdf>
Package pdftex.def Info: ./png/exp2_sort_cernet2.pdf used on input line 506.
(pdftex.def)             Requested size: 170.71652pt x 128.03589pt.


LaTeX Warning: Citation `networking:gravity' on page 5 undefined on input line 
514.

<./png/exp4_path_abilene.pdf, id=55, 578.16pt x 433.62pt>
File: ./png/exp4_path_abilene.pdf Graphic file (type pdf)

<use ./png/exp4_path_abilene.pdf>
Package pdftex.def Info: ./png/exp4_path_abilene.pdf used on input line 541.
(pdftex.def)             Requested size: 170.71652pt x 128.03589pt.

<./png/exp4_path_geant.pdf, id=56, 578.16pt x 433.62pt>
File: ./png/exp4_path_geant.pdf Graphic file (type pdf)

<use ./png/exp4_path_geant.pdf>
Package pdftex.def Info: ./png/exp4_path_geant.pdf used on input line 542.
(pdftex.def)             Requested size: 170.71652pt x 128.03589pt.

<./png/exp4_path_cernet2.pdf, id=57, 578.16pt x 433.62pt>
File: ./png/exp4_path_cernet2.pdf Graphic file (type pdf)

<use ./png/exp4_path_cernet2.pdf>
Package pdftex.def Info: ./png/exp4_path_cernet2.pdf used on input line 543.
(pdftex.def)             Requested size: 170.71652pt x 128.03589pt.


LaTeX Warning: Citation `networking:greente' on page 5 undefined on input line 
563.

[5]

LaTeX Warning: Text page 6 contains only floats.


Underfull \vbox (badness 1092) has occurred while \output is active []


Underfull \vbox (badness 10000) has occurred while \output is active []

 [6 <./png/opr_with_power_abilene.pdf> <./png/opr_with_power_geant.pdf

pdfTeX warning: pdflatex (file ./png/opr_with_power_geant.pdf): PDF inclusion: 
multiple pdfs with page group included in a single page
> <./png/opr_with_power_cernet2.pdf

pdfTeX warning: pdflatex (file ./png/opr_with_power_cernet2.pdf): PDF inclusion
: multiple pdfs with page group included in a single page
> <./png/exp2_sort_abilene.pdf

pdfTeX warning: pdflatex (file ./png/exp2_sort_abilene.pdf): PDF inclusion: mul
tiple pdfs with page group included in a single page
> <./png/exp2_sort_geant.pdf

pdfTeX warning: pdflatex (file ./png/exp2_sort_geant.pdf): PDF inclusion: multi
ple pdfs with page group included in a single page
> <./png/exp2_sort_cernet2.pdf

pdfTeX warning: pdflatex (file ./png/exp2_sort_cernet2.pdf): PDF inclusion: mul
tiple pdfs with page group included in a single page
> <./png/exp4_path_abilene.pdf

pdfTeX warning: pdflatex (file ./png/exp4_path_abilene.pdf): PDF inclusion: mul
tiple pdfs with page group included in a single page
> <./png/exp4_path_geant.pdf

pdfTeX warning: pdflatex (file ./png/exp4_path_geant.pdf): PDF inclusion: multi
ple pdfs with page group included in a single page
> <./png/exp4_path_cernet2.pdf

pdfTeX warning: pdflatex (file ./png/exp4_path_cernet2.pdf): PDF inclusion: mul
tiple pdfs with page group included in a single page
>]
Missing character: There is no ‚ in font ptmr7t!
Missing character: There is no Ä in font ptmr7t!
Missing character: There is no ú in font ptmr7t!
Missing character: There is no ‚ in font ptmr7t!
Missing character: There is no Ä in font ptmr7t!
Missing character: There is no ù in font ptmr7t!
 <./png/circle.pdf, id=396, 247.2447pt x 219.34647pt>
File: ./png/circle.pdf Graphic file (type pdf)
 <use ./png/circle.pdf>
Package pdftex.def Info: ./png/circle.pdf used on input line 675.
(pdftex.def)             Requested size: 113.81102pt x 100.96753pt.

<./png/clique.pdf, id=397, 247.2447pt x 219.34647pt>
File: ./png/clique.pdf Graphic file (type pdf)
 <use ./png/clique.pdf>
Package pdftex.def Info: ./png/clique.pdf used on input line 678.
(pdftex.def)             Requested size: 113.81102pt x 100.96753pt.

[7]

** Conference Paper **
Before submitting the final camera ready copy, remember to:

 1. Manually equalize the lengths of two columns on the last page
 of your paper;

 2. Ensure that any PostScript and/or PDF output post-processing
 uses only Type 1 fonts and that every step in the generation
 process uses the appropriate paper size.

[8 <./png/circle.pdf> <./png/clique.pdf>] (./paper_linheng_4.aux)

LaTeX Warning: There were undefined references.


LaTeX Warning: Label(s) may have changed. Rerun to get cross-references right.

 ) 
Here is how much of TeX's memory you used:
 3759 strings out of 493315
 59226 string characters out of 6137903
 134988 words of memory out of 5000000
 7164 multiletter control sequences out of 15000+600000
 42335 words of font info for 79 fonts, out of 8000000 for 9000
 960 hyphenation exceptions out of 8191
 38i,21n,47p,1093b,381s stack positions out of 5000i,500n,10000p,200000b,80000s
{/usr/local/texlive/2013/texmf-dist/fonts/enc/dvips/base/8r.enc}</usr/local/t
exlive/2013/texmf-dist/fonts/type1/public/amsfonts/cm/cmex10.pfb></usr/local/te
xlive/2013/texmf-dist/fonts/type1/public/amsfonts/cmextra/cmex7.pfb></usr/local
/texlive/2013/texmf-dist/fonts/type1/public/amsfonts/cmextra/cmex8.pfb></usr/lo
cal/texlive/2013/texmf-dist/fonts/type1/public/amsfonts/cm/cmmi10.pfb></usr/loc
al/texlive/2013/texmf-dist/fonts/type1/public/amsfonts/cm/cmmi5.pfb></usr/local
/texlive/2013/texmf-dist/fonts/type1/public/amsfonts/cm/cmmi6.pfb></usr/local/t
exlive/2013/texmf-dist/fonts/type1/public/amsfonts/cm/cmmi7.pfb></usr/local/tex
live/2013/texmf-dist/fonts/type1/public/amsfonts/cm/cmmi8.pfb></usr/local/texli
ve/2013/texmf-dist/fonts/type1/public/amsfonts/cm/cmr10.pfb></usr/local/texlive
/2013/texmf-dist/fonts/type1/public/amsfonts/cm/cmr5.pfb></usr/local/texlive/20
13/texmf-dist/fonts/type1/public/amsfonts/cm/cmr7.pfb></usr/local/texlive/2013/
texmf-dist/fonts/type1/public/amsfonts/cm/cmr8.pfb></usr/local/texlive/2013/tex
mf-dist/fonts/type1/public/amsfonts/cm/cmsy10.pfb></usr/local/texlive/2013/texm
f-dist/fonts/type1/public/amsfonts/cm/cmsy5.pfb></usr/local/texlive/2013/texmf-
dist/fonts/type1/public/amsfonts/cm/cmsy6.pfb></usr/local/texlive/2013/texmf-di
st/fonts/type1/public/amsfonts/cm/cmsy7.pfb></usr/local/texlive/2013/texmf-dist
/fonts/type1/public/amsfonts/cm/cmsy8.pfb></usr/local/texlive/2013/texmf-dist/f
onts/type1/urw/times/utmb8a.pfb></usr/local/texlive/2013/texmf-dist/fonts/type1
/urw/times/utmbi8a.pfb></usr/local/texlive/2013/texmf-dist/fonts/type1/urw/time
s/utmr8a.pfb></usr/local/texlive/2013/texmf-dist/fonts/type1/urw/times/utmri8a.
pfb>
Output written on paper_linheng_4.pdf (8 pages, 379709 bytes).
PDF statistics:
 486 PDF objects out of 1000 (max. 8388607)
 158 compressed objects within 2 object streams
 0 named destinations out of 1000 (max. 500000)
 61 words of extra memory for PDF output out of 10000 (max. 10000000)

